#
# A fatal error has been detected by the Java Runtime Environment:
#
#  EXCEPTION_ACCESS_VIOLATION (0xc0000005) at pc=0x0000000077439157, pid=11344, tid=0x000000000000113c
#
# JRE version: OpenJDK Runtime Environment (8.0_292-b10) (build 1.8.0_292-b10)
# Java VM: OpenJDK 64-Bit Server VM (25.292-b10 mixed mode windows-amd64 compressed oops)
# Problematic frame:
# V  [jvm.dll+0x1f9157]
#
# Failed to write core dump. Minidumps are not enabled by default on client versions of Windows
#
# If you would like to submit a bug report, please visit:
#   http://bugreport.java.com/bugreport/crash.jsp
#

---------------  T H R E A D  ---------------

Current thread (0x000000001ab3b000):  JavaThread "Cache worker for cache directory md-rule (C:\Users\Rodrigo\.gradle\caches\6.7\md-rule)" [_thread_in_vm, id=4412, stack(0x000000001ed90000,0x000000001ee90000)]

siginfo: ExceptionCode=0xc0000005, writing address 0x000000001ee8a5c0

Registers:
RAX=0x000000001ee8a5c0, RBX=0x0000000000000006, RCX=0x0000000000005000, RDX=0x0000000000000006
RSP=0x000000001ee8f5c0, RBP=0x0000000000000000, RSI=0x000000001ee8f5c0, RDI=0x0000000000000006
R8 =0x0000000000000006, R9 =0x000000001bfdb560, R10=0x00000000139be800, R11=0x000000001ed9a148
R12=0x00000000ffffffff, R13=0x000000001ab3b000, R14=0x000000001ab3b000, R15=0x00000000139be800
RIP=0x0000000077439157, EFLAGS=0x0000000000010206

Top of Stack: (sp=0x000000001ee8f5c0)
0x000000001ee8f5c0:   000000001ee8f600 0000000100006c48
0x000000001ee8f5d0:   000000001ab3b000 00000000ffffffff
0x000000001ee8f5e0:   000000001ee8f688 000000007743a137
0x000000001ee8f5f0:   000000001ee8f6f0 000000001bfdb560
0x000000001ee8f600:   00000000139be800 00000000772df783
0x000000001ee8f610:   000000001ee8f650 000000001ab3b000
0x000000001ee8f620:   000000001ee8f6e0 000000001ab3b000
0x000000001ee8f630:   00000000139be800 000000001ab3b000
0x000000001ee8f640:   0000000002f56d60 000000001ab3b000
0x000000001ee8f650:   00000000139be800 000000001ab3b000
0x000000001ee8f660:   00000000139be800 000000001ab3b000
0x000000001ee8f670:   0000000000000001 00000000139be800
0x000000001ee8f680:   000000001ab3b000 000000001b414a10
0x000000001ee8f690:   000000001ab3b000 00000000772e0eed
0x000000001ee8f6a0:   000000001ee8f9a8 0000000100006c48
0x000000001ee8f6b0:   0000000100006c48 0000000000000000 

Instructions: (pc=0x0000000077439157)
0x0000000077439137:   48 89 6c 24 30 33 ed 66 90 e8 8b 97 08 00 ff c3
0x0000000077439147:   48 63 c8 48 8b c6 48 0f af cf 48 ff c7 48 2b c1
0x0000000077439157:   89 28 48 63 c3 48 3b 05 b5 25 5b 00 7e db 48 8b
0x0000000077439167:   6c 24 30 48 8b 5c 24 38 48 8b 74 24 40 48 83 c4 


Register to memory mapping:

RAX=0x000000001ee8a5c0 is pointing into the stack for thread: 0x000000001ab3b000
RBX=0x0000000000000006 is an unknown value
RCX=0x0000000000005000 is an unknown value
RDX=0x0000000000000006 is an unknown value
RSP=0x000000001ee8f5c0 is pointing into the stack for thread: 0x000000001ab3b000
RBP=0x0000000000000000 is an unknown value
RSI=0x000000001ee8f5c0 is pointing into the stack for thread: 0x000000001ab3b000
RDI=0x0000000000000006 is an unknown value
R8 =0x0000000000000006 is an unknown value
R9 =0x000000001bfdb560 is an unknown value
R10={method} {0x00000000139be808} 'run' '()V' in 'java/lang/Thread'
R11=0x000000001ed9a148 is pointing into the stack for thread: 0x000000001ab3b000
R12=0x00000000ffffffff is an unallocated location in the heap
R13=0x000000001ab3b000 is a thread
R14=0x000000001ab3b000 is a thread
R15={method} {0x00000000139be808} 'run' '()V' in 'java/lang/Thread'


Stack: [0x000000001ed90000,0x000000001ee90000],  sp=0x000000001ee8f5c0,  free space=1021k
Native frames: (J=compiled Java code, j=interpreted, Vv=VM code, C=native code)


---------------  P R O C E S S  ---------------

Java Threads: ( => current thread )
=>0x000000001ab3b000 JavaThread "Cache worker for cache directory md-rule (C:\Users\Rodrigo\.gradle\caches\6.7\md-rule)" [_thread_in_vm, id=4412, stack(0x000000001ed90000,0x000000001ee90000)]
  0x000000001ab42000 JavaThread "Cache worker for cache directory md-supplier (C:\Users\Rodrigo\.gradle\caches\6.7\md-supplier)" [_thread_blocked, id=2060, stack(0x000000001e590000,0x000000001e690000)]
  0x000000001ab3a000 JavaThread "Cache worker for checksums cache (C:\Users\Rodrigo\Desktop\projetosjs\tarefas\android\.gradle\checksums)" [_thread_blocked, id=11664, stack(0x000000001dd90000,0x000000001de90000)]
  0x000000001ab41000 JavaThread "Cache worker for file hash cache (C:\Users\Rodrigo\Desktop\projetosjs\tarefas\android\.gradle\6.7\fileHashes)" [_thread_blocked, id=11956, stack(0x000000001cca0000,0x000000001cda0000)]
  0x000000001ab40800 JavaThread "Thread-256" [_thread_blocked, id=8412, stack(0x000000001c9a0000,0x000000001caa0000)]
  0x000000001ab3d000 JavaThread "Stdin handler" [_thread_blocked, id=11808, stack(0x000000001c8a0000,0x000000001c9a0000)]
  0x000000001ab3c800 JavaThread "Asynchronous log dispatcher for DefaultDaemonConnection: socket connection from /127.0.0.1:55302 to /127.0.0.1:58883" [_thread_blocked, id=12008, stack(0x0000000018e30000,0x0000000018f30000)]
  0x000000001ab3f800 JavaThread "Cancel handler" [_thread_blocked, id=11852, stack(0x0000000018830000,0x0000000018930000)]
  0x000000001ab3f000 JavaThread "Handler for socket connection from /127.0.0.1:55302 to /127.0.0.1:58883" [_thread_in_native, id=9648, stack(0x00000000181d0000,0x00000000182d0000)]
  0x000000001ab39800 JavaThread "Daemon worker Thread 3" [_thread_blocked, id=13096, stack(0x0000000018d30000,0x0000000018e30000)]
  0x000000001ab3e000 JavaThread "Daemon Thread 3" [_thread_blocked, id=12664, stack(0x00000000180d0000,0x00000000181d0000)]
  0x0000000019bdb000 JavaThread "Cache worker for Java compile cache (C:\Users\Rodrigo\.gradle\caches\6.7\javaCompile)" [_thread_blocked, id=3620, stack(0x0000000029160000,0x0000000029260000)]
  0x000000001c383000 JavaThread "Device List Monitor" [_thread_in_native, id=10740, stack(0x0000000028560000,0x0000000028660000)]
  0x000000001c384800 JavaThread "JdwpProxyConnection" [_thread_in_native, id=8092, stack(0x00000000012f0000,0x00000000013f0000)]
  0x000000001c388800 JavaThread "Monitor" [_thread_in_native, id=9852, stack(0x0000000001170000,0x0000000001270000)]
  0x000000001ab46800 JavaThread "Memory manager" [_thread_blocked, id=11552, stack(0x0000000025690000,0x0000000025790000)]
  0x00000000178be800 JavaThread "Cache worker for file content cache (C:\Users\Rodrigo\.gradle\caches\6.7\fileContent)" [_thread_blocked, id=10524, stack(0x000000001e690000,0x000000001e790000)]
  0x00000000178bd000 JavaThread "Cache worker for execution history cache (C:\Users\Rodrigo\.gradle\caches\6.7\executionHistory)" [_thread_blocked, id=1276, stack(0x000000001de90000,0x000000001df90000)]
  0x00000000178b8000 JavaThread "Cache worker for journal cache (C:\Users\Rodrigo\.gradle\caches\journal-1)" [_thread_blocked, id=9448, stack(0x000000001a400000,0x000000001a500000)]
  0x00000000178b9000 JavaThread "File lock request listener" [_thread_in_native, id=7372, stack(0x000000001a300000,0x000000001a400000)]
  0x00000000178bc000 JavaThread "Cache worker for file hash cache (C:\Users\Rodrigo\.gradle\caches\6.7\fileHashes)" [_thread_blocked, id=9256, stack(0x000000001a100000,0x000000001a200000)]
  0x0000000017125000 JavaThread "Daemon periodic checks" [_thread_blocked, id=9152, stack(0x0000000018530000,0x0000000018630000)]
  0x0000000016d48000 JavaThread "Incoming local TCP Connector on port 55302" [_thread_in_native, id=9300, stack(0x00000000182d0000,0x00000000183d0000)]
  0x0000000015f79800 JavaThread "Daemon health stats" [_thread_blocked, id=10412, stack(0x0000000017c90000,0x0000000017d90000)]
  0x0000000015cdb000 JavaThread "Service Thread" daemon [_thread_blocked, id=7756, stack(0x00000000160b0000,0x00000000161b0000)]
  0x0000000014345800 JavaThread "C1 CompilerThread2" daemon [_thread_blocked, id=11332, stack(0x0000000015bb0000,0x0000000015cb0000)]
  0x0000000014340800 JavaThread "C2 CompilerThread1" daemon [_thread_in_native, id=7244, stack(0x0000000015ab0000,0x0000000015bb0000)]
  0x000000001433d000 JavaThread "C2 CompilerThread0" daemon [_thread_in_native, id=11472, stack(0x00000000159b0000,0x0000000015ab0000)]
  0x0000000014337800 JavaThread "Attach Listener" daemon [_thread_blocked, id=5720, stack(0x00000000158b0000,0x00000000159b0000)]
  0x0000000014336000 JavaThread "Signal Dispatcher" daemon [_thread_blocked, id=11016, stack(0x00000000157b0000,0x00000000158b0000)]
  0x0000000002f0d000 JavaThread "Finalizer" daemon [_thread_blocked, id=6996, stack(0x0000000015590000,0x0000000015690000)]
  0x0000000014319800 JavaThread "Reference Handler" daemon [_thread_blocked, id=7308, stack(0x0000000015490000,0x0000000015590000)]
  0x0000000002e13000 JavaThread "main" [_thread_blocked, id=7752, stack(0x0000000002ca0000,0x0000000002da0000)]

Other Threads:
  0x00000000142f5800 VMThread [stack: 0x0000000015390000,0x0000000015490000] [id=6920]
  0x0000000015cdc800 WatcherThread [stack: 0x00000000161b0000,0x00000000162b0000] [id=7128]

VM state:synchronizing (normal execution)

VM Mutex/Monitor currently owned by a thread:  ([mutex/lock_event])
[0x00000000014ade10] Threads_lock - owner thread: 0x00000000142f5800

heap address: 0x00000000e0000000, size: 512 MB, Compressed Oops mode: 32-bit
Narrow klass base: 0x0000000000000000, Narrow klass shift: 3
Compressed class space size: 1073741824 Address: 0x0000000100000000

Heap:
 PSYoungGen      total 122368K, used 69481K [0x00000000f5580000, 0x00000000ffe00000, 0x0000000100000000)
  eden space 109056K, 51% used [0x00000000f5580000,0x00000000f8c96ab0,0x00000000fc000000)
  from space 13312K, 98% used [0x00000000fc000000,0x00000000fccc3958,0x00000000fcd00000)
  to   space 31232K, 0% used [0x00000000fdf80000,0x00000000fdf80000,0x00000000ffe00000)
 ParOldGen       total 221184K, used 81946K [0x00000000e0000000, 0x00000000ed800000, 0x00000000f5580000)
  object space 221184K, 37% used [0x00000000e0000000,0x00000000e5006930,0x00000000ed800000)
 Metaspace       used 98368K, capacity 104812K, committed 104960K, reserved 1138688K
  class space    used 13465K, capacity 14733K, committed 14848K, reserved 1048576K

Card table byte_map: [0x00000000122d0000,0x00000000123e0000] byte_map_base: 0x0000000011bd0000

Marking Bits: (ParMarkBitMap*) 0x0000000077a53420
 Begin Bits: [0x0000000012890000, 0x0000000013090000)
 End Bits:   [0x0000000013090000, 0x0000000013890000)

Polling page: 0x0000000002da0000

CodeCache: size=245760Kb used=43274Kb max_used=43617Kb free=202485Kb
 bounds [0x0000000002f10000, 0x00000000059f0000, 0x0000000011f10000]
 total_blobs=14663 nmethods=13785 adapters=789
 compilation: enabled

Compilation events (10 events):
Event: 10033.111 Thread 0x0000000014345800 nmethod 16795 0x0000000004c06cd0 code [0x0000000004c06ea0, 0x0000000004c07728]
Event: 10033.112 Thread 0x0000000014340800 16796       4       java.util.AbstractList$Itr::<init> (31 bytes)
Event: 10033.113 Thread 0x0000000014340800 nmethod 16796 0x000000000322da10 code [0x000000000322db40, 0x000000000322dbd8]
Event: 10033.113 Thread 0x0000000014340800 16798 %     4       java.io.ObjectOutputStream$BlockDataOutputStream::writeBytes @ 95 (144 bytes)
Event: 10033.113 Thread 0x0000000014345800 16799       3       java.io.ObjectOutputStream$BlockDataOutputStream::getUTFLength (124 bytes)
Event: 10033.113 Thread 0x0000000014345800 nmethod 16799 0x0000000004f1c090 code [0x0000000004f1c240, 0x0000000004f1c8e8]
Event: 10033.114 Thread 0x0000000014345800 16800       3       java.util.Collections$EmptyList::listIterator (4 bytes)
Event: 10033.114 Thread 0x0000000014345800 nmethod 16800 0x000000000583ce50 code [0x000000000583cfc0, 0x000000000583d170]
Event: 10033.114 Thread 0x0000000014345800 16801       3       java.util.Collections::emptyListIterator (4 bytes)
Event: 10033.114 Thread 0x0000000014345800 nmethod 16801 0x00000000056c1ed0 code [0x00000000056c2020, 0x00000000056c2150]

GC Heap History (10 events):
Event: 8362.626 GC heap before
{Heap before GC invocations=27 (full 3):
 PSYoungGen      total 143872K, used 143865K [0x00000000f5580000, 0x0000000100000000, 0x0000000100000000)
  eden space 115712K, 100% used [0x00000000f5580000,0x00000000fc680000,0x00000000fc680000)
  from space 28160K, 99% used [0x00000000fc900000,0x00000000fe47e530,0x00000000fe480000)
  to   space 28160K, 0% used [0x00000000fe480000,0x00000000fe480000,0x0000000100000000)
 ParOldGen       total 175104K, used 81571K [0x00000000e0000000, 0x00000000eab00000, 0x00000000f5580000)
  object space 175104K, 46% used [0x00000000e0000000,0x00000000e4fa8ca0,0x00000000eab00000)
 Metaspace       used 87736K, capacity 93238K, committed 93568K, reserved 1130496K
  class space    used 11782K, capacity 12857K, committed 12928K, reserved 1048576K
Event: 8362.655 GC heap after
Heap after GC invocations=27 (full 3):
 PSYoungGen      total 137216K, used 17815K [0x00000000f5580000, 0x0000000100000000, 0x0000000100000000)
  eden space 109056K, 0% used [0x00000000f5580000,0x00000000f5580000,0x00000000fc000000)
  from space 28160K, 63% used [0x00000000fe480000,0x00000000ff5e5d48,0x0000000100000000)
  to   space 32768K, 0% used [0x00000000fc000000,0x00000000fc000000,0x00000000fe000000)
 ParOldGen       total 175104K, used 102416K [0x00000000e0000000, 0x00000000eab00000, 0x00000000f5580000)
  object space 175104K, 58% used [0x00000000e0000000,0x00000000e64040f0,0x00000000eab00000)
 Metaspace       used 87736K, capacity 93238K, committed 93568K, reserved 1130496K
  class space    used 11782K, capacity 12857K, committed 12928K, reserved 1048576K
}
Event: 8364.691 GC heap before
{Heap before GC invocations=28 (full 3):
 PSYoungGen      total 137216K, used 126837K [0x00000000f5580000, 0x0000000100000000, 0x0000000100000000)
  eden space 109056K, 99% used [0x00000000f5580000,0x00000000fbff78f8,0x00000000fc000000)
  from space 28160K, 63% used [0x00000000fe480000,0x00000000ff5e5d48,0x0000000100000000)
  to   space 32768K, 0% used [0x00000000fc000000,0x00000000fc000000,0x00000000fe000000)
 ParOldGen       total 175104K, used 102416K [0x00000000e0000000, 0x00000000eab00000, 0x00000000f5580000)
  object space 175104K, 58% used [0x00000000e0000000,0x00000000e64040f0,0x00000000eab00000)
 Metaspace       used 91119K, capacity 96880K, committed 96896K, reserved 1132544K
  class space    used 12294K, capacity 13436K, committed 13440K, reserved 1048576K
Event: 8364.709 GC heap after
Heap after GC invocations=28 (full 3):
 PSYoungGen      total 141824K, used 17601K [0x00000000f5580000, 0x0000000100000000, 0x0000000100000000)
  eden space 109056K, 0% used [0x00000000f5580000,0x00000000f5580000,0x00000000fc000000)
  from space 32768K, 53% used [0x00000000fc000000,0x00000000fd130590,0x00000000fe000000)
  to   space 31744K, 0% used [0x00000000fe100000,0x00000000fe100000,0x0000000100000000)
 ParOldGen       total 175104K, used 106616K [0x00000000e0000000, 0x00000000eab00000, 0x00000000f5580000)
  object space 175104K, 60% used [0x00000000e0000000,0x00000000e681e218,0x00000000eab00000)
 Metaspace       used 91119K, capacity 96880K, committed 96896K, reserved 1132544K
  class space    used 12294K, capacity 13436K, committed 13440K, reserved 1048576K
}
Event: 8364.805 GC heap before
{Heap before GC invocations=29 (full 3):
 PSYoungGen      total 141824K, used 23165K [0x00000000f5580000, 0x0000000100000000, 0x0000000100000000)
  eden space 109056K, 5% used [0x00000000f5580000,0x00000000f5aeefd8,0x00000000fc000000)
  from space 32768K, 53% used [0x00000000fc000000,0x00000000fd130590,0x00000000fe000000)
  to   space 31744K, 0% used [0x00000000fe100000,0x00000000fe100000,0x0000000100000000)
 ParOldGen       total 175104K, used 106616K [0x00000000e0000000, 0x00000000eab00000, 0x00000000f5580000)
  object space 175104K, 60% used [0x00000000e0000000,0x00000000e681e218,0x00000000eab00000)
 Metaspace       used 92547K, capacity 98438K, committed 98560K, reserved 1134592K
  class space    used 12527K, capacity 13719K, committed 13824K, reserved 1048576K
Event: 8364.815 GC heap after
Heap after GC invocations=29 (full 3):
 PSYoungGen      total 140800K, used 1313K [0x00000000f5580000, 0x0000000100000000, 0x0000000100000000)
  eden space 109056K, 0% used [0x00000000f5580000,0x00000000f5580000,0x00000000fc000000)
  from space 31744K, 4% used [0x00000000fe100000,0x00000000fe248518,0x0000000100000000)
  to   space 32768K, 0% used [0x00000000fc000000,0x00000000fc000000,0x00000000fe000000)
 ParOldGen       total 175104K, used 115431K [0x00000000e0000000, 0x00000000eab00000, 0x00000000f5580000)
  object space 175104K, 65% used [0x00000000e0000000,0x00000000e70b9f48,0x00000000eab00000)
 Metaspace       used 92547K, capacity 98438K, committed 98560K, reserved 1134592K
  class space    used 12527K, capacity 13719K, committed 13824K, reserved 1048576K
}
Event: 8364.815 GC heap before
{Heap before GC invocations=30 (full 4):
 PSYoungGen      total 140800K, used 1313K [0x00000000f5580000, 0x0000000100000000, 0x0000000100000000)
  eden space 109056K, 0% used [0x00000000f5580000,0x00000000f5580000,0x00000000fc000000)
  from space 31744K, 4% used [0x00000000fe100000,0x00000000fe248518,0x0000000100000000)
  to   space 32768K, 0% used [0x00000000fc000000,0x00000000fc000000,0x00000000fe000000)
 ParOldGen       total 175104K, used 115431K [0x00000000e0000000, 0x00000000eab00000, 0x00000000f5580000)
  object space 175104K, 65% used [0x00000000e0000000,0x00000000e70b9f48,0x00000000eab00000)
 Metaspace       used 92547K, capacity 98438K, committed 98560K, reserved 1134592K
  class space    used 12527K, capacity 13719K, committed 13824K, reserved 1048576K
Event: 8365.159 GC heap after
Heap after GC invocations=30 (full 4):
 PSYoungGen      total 140800K, used 0K [0x00000000f5580000, 0x0000000100000000, 0x0000000100000000)
  eden space 109056K, 0% used [0x00000000f5580000,0x00000000f5580000,0x00000000fc000000)
  from space 31744K, 0% used [0x00000000fe100000,0x00000000fe100000,0x0000000100000000)
  to   space 32768K, 0% used [0x00000000fc000000,0x00000000fc000000,0x00000000fe000000)
 ParOldGen       total 221184K, used 81938K [0x00000000e0000000, 0x00000000ed800000, 0x00000000f5580000)
  object space 221184K, 37% used [0x00000000e0000000,0x00000000e5004930,0x00000000ed800000)
 Metaspace       used 92346K, capacity 98036K, committed 98560K, reserved 1134592K
  class space    used 12478K, capacity 13631K, committed 13824K, reserved 1048576K
}
Event: 8368.252 GC heap before
{Heap before GC invocations=31 (full 4):
 PSYoungGen      total 140800K, used 108929K [0x00000000f5580000, 0x0000000100000000, 0x0000000100000000)
  eden space 109056K, 99% used [0x00000000f5580000,0x00000000fbfe0690,0x00000000fc000000)
  from space 31744K, 0% used [0x00000000fe100000,0x00000000fe100000,0x0000000100000000)
  to   space 32768K, 0% used [0x00000000fc000000,0x00000000fc000000,0x00000000fe000000)
 ParOldGen       total 221184K, used 81938K [0x00000000e0000000, 0x00000000ed800000, 0x00000000f5580000)
  object space 221184K, 37% used [0x00000000e0000000,0x00000000e5004930,0x00000000ed800000)
 Metaspace       used 97980K, capacity 104258K, committed 104576K, reserved 1138688K
  class space    used 13407K, capacity 14622K, committed 14720K, reserved 1048576K
Event: 8368.262 GC heap after
Heap after GC invocations=31 (full 4):
 PSYoungGen      total 122368K, used 13070K [0x00000000f5580000, 0x00000000ffe00000, 0x0000000100000000)
  eden space 109056K, 0% used [0x00000000f5580000,0x00000000f5580000,0x00000000fc000000)
  from space 13312K, 98% used [0x00000000fc000000,0x00000000fccc3958,0x00000000fcd00000)
  to   space 31232K, 0% used [0x00000000fdf80000,0x00000000fdf80000,0x00000000ffe00000)
 ParOldGen       total 221184K, used 81946K [0x00000000e0000000, 0x00000000ed800000, 0x00000000f5580000)
  object space 221184K, 37% used [0x00000000e0000000,0x00000000e5006930,0x00000000ed800000)
 Metaspace       used 97980K, capacity 104258K, committed 104576K, reserved 1138688K
  class space    used 13407K, capacity 14622K, committed 14720K, reserved 1048576K
}

Deoptimization events (10 events):
Event: 10005.046 Thread 0x000000001ab39800 Uncommon trap: reason=class_check action=maybe_recompile pc=0x0000000003085460 method=java.lang.String.equals(Ljava/lang/Object;)Z @ 8
Event: 10005.047 Thread 0x000000001ab39800 Uncommon trap: reason=class_check action=maybe_recompile pc=0x0000000003a8e550 method=java.lang.Integer.equals(Ljava/lang/Object;)Z @ 1
Event: 10005.064 Thread 0x000000001ab39800 Uncommon trap: reason=unstable_if action=reinterpret pc=0x000000000457e0f8 method=java.io.ObjectOutputStream$BlockDataOutputStream.writeBytes(Ljava/lang/String;)V @ 22
Event: 10005.095 Thread 0x000000001ab3e000 Uncommon trap: reason=array_check action=maybe_recompile pc=0x000000000595e934 method=java.util.TimSort.reverseRange([Ljava/lang/Object;II)V @ 20
Event: 10005.098 Thread 0x000000001ab3e000 Uncommon trap: reason=array_check action=maybe_recompile pc=0x000000000595e934 method=java.util.TimSort.reverseRange([Ljava/lang/Object;II)V @ 20
Event: 10005.104 Thread 0x000000001ab3e000 Uncommon trap: reason=unstable_if action=reinterpret pc=0x00000000054a2838 method=org.gradle.internal.remote.internal.inet.SocketConnection$SocketOutputStream.write([BII)V @ 64
Event: 10033.109 Thread 0x000000001ab39800 Uncommon trap: reason=bimorphic action=maybe_recompile pc=0x0000000003faaadc method=org.gradle.internal.logging.text.AbstractStyledTextOutput.text(Ljava/lang/Object;)Lorg/gradle/internal/logging/text/StyledTextOutput; @ 11
Event: 10033.110 Thread 0x000000001ab39800 Uncommon trap: reason=bimorphic action=maybe_recompile pc=0x00000000054b75d0 method=com.google.common.cache.LocalCache$Segment.get(Ljava/lang/Object;I)Ljava/lang/Object; @ 44
Event: 10033.111 Thread 0x000000001ab39800 Uncommon trap: reason=class_check action=maybe_recompile pc=0x0000000003a8e550 method=java.lang.Integer.equals(Ljava/lang/Object;)Z @ 1
Event: 10033.113 Thread 0x000000001ab39800 Uncommon trap: reason=unstable_if action=reinterpret pc=0x000000000333a520 method=java.io.ObjectOutputStream$BlockDataOutputStream.getUTFLength(Ljava/lang/String;)J @ 73

Classes redefined (0 events):
No events

Internal exceptions (10 events):
Event: 10004.883 Thread 0x000000001ab39800 Exception <a 'java/lang/ClassNotFoundException': java/lang/ExceptionCustomizer> (0x00000000f87b4d30) thrown at [C:\cygwin64\tmp\build\source\java-1.8.0-openjdk\tmp\jdk8u\hotspot\src\share\vm\classfile\systemDictionary.cpp, line 217]
Event: 10004.884 Thread 0x000000001ab39800 Exception <a 'java/lang/reflect/InvocationTargetException'> (0x00000000f87bd050) thrown at [C:\cygwin64\tmp\build\source\java-1.8.0-openjdk\tmp\jdk8u\hotspot\src\share\vm\runtime\reflection.cpp, line 1092]
Event: 10005.021 Thread 0x000000001ab39800 Implicit null exception at 0x0000000004eccfe9 to 0x0000000004ecd565
Event: 10005.096 Thread 0x000000001ab3e000 Exception <a 'java/lang/NoSuchMethodError': <clinit>> (0x00000000f89b1ad8) thrown at [C:\cygwin64\tmp\build\source\java-1.8.0-openjdk\tmp\jdk8u\hotspot\src\share\vm\prims\jni.cpp, line 1616]
Event: 10005.096 Thread 0x000000001ab3e000 Exception <a 'java/lang/NoSuchMethodError': <clinit>> (0x00000000f89c14c8) thrown at [C:\cygwin64\tmp\build\source\java-1.8.0-openjdk\tmp\jdk8u\hotspot\src\share\vm\prims\jni.cpp, line 1616]
Event: 10005.096 Thread 0x000000001ab3e000 Exception <a 'java/lang/NoSuchMethodError': <clinit>> (0x00000000f89c3978) thrown at [C:\cygwin64\tmp\build\source\java-1.8.0-openjdk\tmp\jdk8u\hotspot\src\share\vm\prims\jni.cpp, line 1616]
Event: 10005.098 Thread 0x000000001ab3e000 Exception <a 'java/lang/NoSuchMethodError': <clinit>> (0x00000000f89d3ad8) thrown at [C:\cygwin64\tmp\build\source\java-1.8.0-openjdk\tmp\jdk8u\hotspot\src\share\vm\prims\jni.cpp, line 1616]
Event: 10005.098 Thread 0x000000001ab3e000 Exception <a 'java/lang/NoSuchMethodError': <clinit>> (0x00000000f89deea8) thrown at [C:\cygwin64\tmp\build\source\java-1.8.0-openjdk\tmp\jdk8u\hotspot\src\share\vm\prims\jni.cpp, line 1616]
Event: 10033.107 Thread 0x000000001ab39800 Exception <a 'java/io/IOException': CreateProcess error=1450, Não existem recursos de sistema suficientes para concluir o serviço solicitado> (0x00000000f8bd9e68) thrown at [C:\cygwin64\tmp\build\source\java-1.8.0-openjdk\tmp\jdk8u\hotspot\src\share\vm\
Event: 10033.107 Thread 0x000000001ab39800 Exception <a 'java/lang/reflect/InvocationTargetException'> (0x00000000f8be8830) thrown at [C:\cygwin64\tmp\build\source\java-1.8.0-openjdk\tmp\jdk8u\hotspot\src\share\vm\runtime\reflection.cpp, line 1092]

Events (10 events):
Event: 10033.109 Thread 0x000000001ab39800 DEOPT UNPACKING pc=0x0000000002f5557b sp=0x0000000018e2cd40 mode 2
Event: 10033.110 Thread 0x000000001ab39800 Uncommon trap: trap_request=0xffffffc6 fr.pc=0x00000000054b75d0
Event: 10033.110 Thread 0x000000001ab39800 DEOPT PACKING pc=0x00000000054b75d0 sp=0x0000000018e2ce40
Event: 10033.110 Thread 0x000000001ab39800 DEOPT UNPACKING pc=0x0000000002f5557b sp=0x0000000018e2cd50 mode 2
Event: 10033.111 Thread 0x000000001ab39800 Uncommon trap: trap_request=0xffffffde fr.pc=0x0000000003a8e550
Event: 10033.111 Thread 0x000000001ab39800 DEOPT PACKING pc=0x0000000003a8e550 sp=0x0000000018e2cf70
Event: 10033.111 Thread 0x000000001ab39800 DEOPT UNPACKING pc=0x0000000002f5557b sp=0x0000000018e2cf08 mode 2
Event: 10033.113 Thread 0x000000001ab39800 Uncommon trap: trap_request=0xffffff65 fr.pc=0x000000000333a520
Event: 10033.113 Thread 0x000000001ab39800 DEOPT PACKING pc=0x000000000333a520 sp=0x0000000018e2c3a0
Event: 10033.113 Thread 0x000000001ab39800 DEOPT UNPACKING pc=0x0000000002f5557b sp=0x0000000018e2c348 mode 2


Dynamic libraries:
0x00007ff63a270000 - 0x00007ff63a2a5000 	C:\Program Files\OpenJDK\openjdk-8u292-b10\bin\java.exe
0x00007ffddb870000 - 0x00007ffddba65000 	C:\WINDOWS\SYSTEM32\ntdll.dll
0x00007ffdda640000 - 0x00007ffdda6fd000 	C:\WINDOWS\System32\KERNEL32.DLL
0x00007ffdd9070000 - 0x00007ffdd9338000 	C:\WINDOWS\System32\KERNELBASE.dll
0x00007ffddb780000 - 0x00007ffddb82c000 	C:\WINDOWS\System32\ADVAPI32.dll
0x00007ffdda990000 - 0x00007ffddaa2e000 	C:\WINDOWS\System32\msvcrt.dll
0x00007ffddb350000 - 0x00007ffddb3eb000 	C:\WINDOWS\System32\sechost.dll
0x00007ffdda1a0000 - 0x00007ffdda2cb000 	C:\WINDOWS\System32\RPCRT4.dll
0x00007ffdda350000 - 0x00007ffdda4f0000 	C:\WINDOWS\System32\USER32.dll
0x00007ffdd8fb0000 - 0x00007ffdd8fd2000 	C:\WINDOWS\System32\win32u.dll
0x00007ffddb290000 - 0x00007ffddb2ba000 	C:\WINDOWS\System32\GDI32.dll
0x00007ffdd9420000 - 0x00007ffdd952b000 	C:\WINDOWS\System32\gdi32full.dll
0x00007ffdd9840000 - 0x00007ffdd98dd000 	C:\WINDOWS\System32\msvcp_win.dll
0x00007ffdd9690000 - 0x00007ffdd9790000 	C:\WINDOWS\System32\ucrtbase.dll
0x00007ffdc69a0000 - 0x00007ffdc6c3a000 	C:\WINDOWS\WinSxS\amd64_microsoft.windows.common-controls_6595b64144ccf1df_6.0.19041.1052_none_60b8f8fd71f5e8cb\COMCTL32.dll
0x00007ffddb750000 - 0x00007ffddb780000 	C:\WINDOWS\System32\IMM32.DLL
0x00000000509f0000 - 0x0000000050ac2000 	C:\Program Files\OpenJDK\openjdk-8u292-b10\jre\bin\msvcr100.dll
0x0000000077240000 - 0x0000000077ad5000 	C:\Program Files\OpenJDK\openjdk-8u292-b10\jre\bin\server\jvm.dll
0x00007ffdda5d0000 - 0x00007ffdda5d8000 	C:\WINDOWS\System32\PSAPI.DLL
0x00007ffdc1970000 - 0x00007ffdc1979000 	C:\WINDOWS\SYSTEM32\WSOCK32.dll
0x00007ffdce940000 - 0x00007ffdce967000 	C:\WINDOWS\SYSTEM32\WINMM.dll
0x00007ffdd3bd0000 - 0x00007ffdd3bda000 	C:\WINDOWS\SYSTEM32\VERSION.dll
0x00007ffdda4f0000 - 0x00007ffdda55b000 	C:\WINDOWS\System32\WS2_32.dll
0x00007ffdc4150000 - 0x00007ffdc415f000 	C:\Program Files\OpenJDK\openjdk-8u292-b10\jre\bin\verify.dll
0x00007ffdbd480000 - 0x00007ffdbd4a9000 	C:\Program Files\OpenJDK\openjdk-8u292-b10\jre\bin\java.dll
0x00007ffdb6010000 - 0x00007ffdb6026000 	C:\Program Files\OpenJDK\openjdk-8u292-b10\jre\bin\zip.dll
0x00007ffddaa30000 - 0x00007ffddb16f000 	C:\WINDOWS\System32\SHELL32.dll
0x00007ffdd7000000 - 0x00007ffdd7790000 	C:\WINDOWS\SYSTEM32\windows.storage.dll
0x00007ffddb3f0000 - 0x00007ffddb745000 	C:\WINDOWS\System32\combase.dll
0x00007ffdd8880000 - 0x00007ffdd88ac000 	C:\WINDOWS\SYSTEM32\Wldp.dll
0x00007ffdda0f0000 - 0x00007ffdda19e000 	C:\WINDOWS\System32\SHCORE.dll
0x00007ffdda5e0000 - 0x00007ffdda635000 	C:\WINDOWS\System32\shlwapi.dll
0x00007ffdd8ef0000 - 0x00007ffdd8f0f000 	C:\WINDOWS\SYSTEM32\profapi.dll
0x00007ffdb5ff0000 - 0x00007ffdb600b000 	C:\Program Files\OpenJDK\openjdk-8u292-b10\jre\bin\net.dll
0x00007ffdd8660000 - 0x00007ffdd86ca000 	C:\WINDOWS\system32\mswsock.dll
0x00007ffdb5fd0000 - 0x00007ffdb5fe2000 	C:\Program Files\OpenJDK\openjdk-8u292-b10\jre\bin\nio.dll
0x00007ffdb5fa0000 - 0x00007ffdb5fc6000 	C:\Users\Rodrigo\.gradle\native\fdc75f09e3144964f2cf3f50f0aa648679c211496f362492102eb8c894070792\windows-amd64\native-platform.dll
0x00007ffd9e5a0000 - 0x00007ffd9e731000 	C:\Users\Rodrigo\.gradle\native\12488b8bf47d2d4c9fbf2f6322a914ad602e24e48041cd04a747c6da556b65c4\windows-amd64\native-platform-file-events.dll
0x00007ffdb8990000 - 0x00007ffdb899d000 	C:\Program Files\OpenJDK\openjdk-8u292-b10\jre\bin\management.dll
0x00007ffdd8920000 - 0x00007ffdd8938000 	C:\WINDOWS\SYSTEM32\CRYPTSP.dll
0x00007ffdd8020000 - 0x00007ffdd8054000 	C:\WINDOWS\system32\rsaenh.dll
0x00007ffdd9040000 - 0x00007ffdd9067000 	C:\WINDOWS\System32\bcrypt.dll
0x00007ffdd8eb0000 - 0x00007ffdd8ede000 	C:\WINDOWS\SYSTEM32\USERENV.dll
0x00007ffdd9390000 - 0x00007ffdd9413000 	C:\WINDOWS\System32\bcryptprimitives.dll
0x00007ffdd87e0000 - 0x00007ffdd87ec000 	C:\WINDOWS\SYSTEM32\CRYPTBASE.dll
0x00007ffdd8370000 - 0x00007ffdd83ab000 	C:\WINDOWS\SYSTEM32\IPHLPAPI.DLL
0x00007ffdda560000 - 0x00007ffdda568000 	C:\WINDOWS\System32\NSI.dll
0x00007ffdd2080000 - 0x00007ffdd2097000 	C:\WINDOWS\SYSTEM32\dhcpcsvc6.DLL
0x00007ffdd2060000 - 0x00007ffdd207d000 	C:\WINDOWS\SYSTEM32\dhcpcsvc.DLL
0x00007ffdd83b0000 - 0x00007ffdd847c000 	C:\WINDOWS\SYSTEM32\DNSAPI.dll
0x00007ffdd20a0000 - 0x00007ffdd20ab000 	C:\WINDOWS\SYSTEM32\WINNSI.DLL
0x00000000505b0000 - 0x00000000505d6000 	C:\Program Files\Bonjour\mdnsNSP.dll
0x00007ffdc8520000 - 0x00007ffdc852a000 	C:\Windows\System32\rasadhlp.dll
0x00007ffdc93c0000 - 0x00007ffdc943f000 	C:\WINDOWS\System32\fwpuclnt.dll
0x00007ffdd7cb0000 - 0x00007ffdd7ce3000 	C:\WINDOWS\SYSTEM32\ntmarta.dll

VM Arguments:
jvm_args: -XX:MaxMetaspaceSize=256m -XX:+HeapDumpOnOutOfMemoryError -Xms256m -Xmx512m -Dfile.encoding=windows-1252 -Duser.country=BR -Duser.language=pt -Duser.variant 
java_command: org.gradle.launcher.daemon.bootstrap.GradleDaemon 6.7
java_class_path (initial): C:\Users\Rodrigo\.gradle\wrapper\dists\gradle-6.7-all\cuy9mc7upwgwgeb72wkcrupxe\gradle-6.7\lib\gradle-launcher-6.7.jar
Launcher Type: SUN_STANDARD

Environment Variables:
JAVA_HOME=C:\Program Files\OpenJDK\openjdk-8u292-b10
CLASSPATH=C:\Users\Rodrigo\Desktop\projetosjs\tarefas\android\\gradle\wrapper\gradle-wrapper.jar
PATH=C:\Users\Rodrigo\Desktop\projetosjs\tarefas\android\node_modules\.bin;C:\Users\Rodrigo\Desktop\projetosjs\tarefas\node_modules\.bin;C:\Users\Rodrigo\Desktop\projetosjs\node_modules\.bin;C:\Users\Rodrigo\Desktop\node_modules\.bin;C:\Users\Rodrigo\node_modules\.bin;C:\Users\node_modules\.bin;C:\node_modules\.bin;C:\Program Files\nodejs;C:\Users\Rodrigo\Desktop\projetosjs\tarefas\node_modules\.bin;C:\Program Files (x86)\Common Files\Oracle\Java\javapath;C:\WINDOWS\system32;C:\WINDOWS;C:\WINDOWS\System32\Wbem;C:\WINDOWS\System32\WindowsPowerShell\v1.0\;C:\WINDOWS\System32\OpenSSH\;C:\Program Files\Git\cmd;C:\Program Files\Docker\Docker\resources\bin;C:\ProgramData\DockerDesktop\version-bin;C:\ProgramData\chocolatey\bin;C:\Program Files\OpenJDK\openjdk-8u292-b10\bin;C:\Program Files\nodejs\;C:\Users\Rodrigo\AppData\Local\Programs\Python\Python39\Scripts\;C:\Users\Rodrigo\AppData\Local\Programs\Python\Python39\;C:\Users\Rodrigo\AppData\Local\Microsoft\WindowsApps;C:\Users\Rodrigo\AppData\Local\Programs\Microsoft VS Code\bin;C:\Program Files\heroku\bin;C:\Users\Rodrigo\AppData\Local\Android\Sdk\platform-tools;C:\Users\Rodrigo\AppData\Roaming\npm
USERNAME=Rodrigo
OS=Windows_NT
PROCESSOR_IDENTIFIER=Intel64 Family 6 Model 60 Stepping 3, GenuineIntel



---------------  S Y S T E M  ---------------

OS: Windows 10.0 , 64 bit Build 19041 (10.0.19041.1023)

CPU:total 4 (initial active 4) (4 cores per cpu, 1 threads per core) family 6 model 60 stepping 3, cmov, cx8, fxsr, mmx, sse, sse2, sse3, ssse3, sse4.1, sse4.2, popcnt, avx, avx2, aes, clmul, erms, lzcnt, tsc, tscinvbit, bmi1, bmi2

Memory: 4k page, physical 8325508k(1268132k free), swap 8325508k(3044k free)

vm_info: OpenJDK 64-Bit Server VM (25.292-b10) for windows-amd64 JRE (1.8.0_292-b10), built on Apr  9 2021 12:12:51 by "build" with MS VC++ 10.0 (VS2010)

time: Sat Jul 03 15:44:18 2021
timezone: Hora oficial do Brasil
elapsed time: 10033.184150 seconds (0d 2h 47m 13s)

